<?xml version="1.0" encoding="UTF-8"?>
<testng-results skipped="0" failed="0" ignored="0" total="4" passed="4">
  <reporter-output>
  </reporter-output>
  <suite name="Default suite" duration-ms="65698" started-at="2019-12-07T11:27:41Z" finished-at="2019-12-07T11:28:46Z">
    <groups>
    </groups>
    <test name="Default test" duration-ms="65698" started-at="2019-12-07T11:27:41Z" finished-at="2019-12-07T11:28:46Z">
      <class name="com.sinnerSchrader.qa.testCases.SinnerSchraderTest">
        <test-method status="PASS" signature="setExtent()[pri:0, instance:com.sinnerSchrader.qa.testCases.SinnerSchraderTest@7cd62f43]" name="setExtent" is-config="true" duration-ms="157" started-at="2019-12-07T12:27:41Z" finished-at="2019-12-07T12:27:41Z">
          <reporter-output>
          </reporter-output>
        </test-method> <!-- setExtent -->
        <test-method status="PASS" signature="setUp()[pri:0, instance:com.sinnerSchrader.qa.testCases.SinnerSchraderTest@7cd62f43]" name="setUp" is-config="true" duration-ms="14875" started-at="2019-12-07T12:27:41Z" finished-at="2019-12-07T12:27:56Z">
          <reporter-output>
          </reporter-output>
        </test-method> <!-- setUp -->
        <test-method status="PASS" signature="brokenImagesTest()[pri:0, instance:com.sinnerSchrader.qa.testCases.SinnerSchraderTest@7cd62f43]" name="brokenImagesTest" duration-ms="822" started-at="2019-12-07T12:27:56Z" finished-at="2019-12-07T12:27:57Z">
          <reporter-output>
          </reporter-output>
        </test-method> <!-- brokenImagesTest -->
        <test-method status="PASS" signature="tearDown(org.testng.ITestResult)[pri:0, instance:com.sinnerSchrader.qa.testCases.SinnerSchraderTest@7cd62f43]" name="tearDown" is-config="true" duration-ms="1108" started-at="2019-12-07T12:27:57Z" finished-at="2019-12-07T12:27:58Z">
          <params>
            <param index="0">
              <value>
                <![CDATA[[TestResult name=brokenImagesTest status=SUCCESS method=SinnerSchraderTest.brokenImagesTest()[pri:0, instance:com.sinnerSchrader.qa.testCases.SinnerSchraderTest@7cd62f43] output={null}]]]>
              </value>
            </param>
          </params>
          <reporter-output>
          </reporter-output>
        </test-method> <!-- tearDown -->
        <test-method status="PASS" signature="setUp()[pri:0, instance:com.sinnerSchrader.qa.testCases.SinnerSchraderTest@7cd62f43]" name="setUp" is-config="true" duration-ms="16094" started-at="2019-12-07T12:27:58Z" finished-at="2019-12-07T12:28:14Z">
          <reporter-output>
          </reporter-output>
        </test-method> <!-- setUp -->
        <test-method status="PASS" signature="loginTest()[pri:1, instance:com.sinnerSchrader.qa.testCases.SinnerSchraderTest@7cd62f43]" name="loginTest" duration-ms="86" started-at="2019-12-07T12:28:14Z" finished-at="2019-12-07T12:28:14Z">
          <reporter-output>
          </reporter-output>
        </test-method> <!-- loginTest -->
        <test-method status="PASS" signature="tearDown(org.testng.ITestResult)[pri:0, instance:com.sinnerSchrader.qa.testCases.SinnerSchraderTest@7cd62f43]" name="tearDown" is-config="true" duration-ms="1081" started-at="2019-12-07T12:28:14Z" finished-at="2019-12-07T12:28:15Z">
          <params>
            <param index="0">
              <value>
                <![CDATA[[TestResult name=loginTest status=SUCCESS method=SinnerSchraderTest.loginTest()[pri:1, instance:com.sinnerSchrader.qa.testCases.SinnerSchraderTest@7cd62f43] output={null}]]]>
              </value>
            </param>
          </params>
          <reporter-output>
          </reporter-output>
        </test-method> <!-- tearDown -->
        <test-method status="PASS" signature="setUp()[pri:0, instance:com.sinnerSchrader.qa.testCases.SinnerSchraderTest@7cd62f43]" name="setUp" is-config="true" duration-ms="13428" started-at="2019-12-07T12:28:15Z" finished-at="2019-12-07T12:28:28Z">
          <reporter-output>
          </reporter-output>
        </test-method> <!-- setUp -->
        <test-method status="PASS" signature="horizontalSliderTest()[pri:2, instance:com.sinnerSchrader.qa.testCases.SinnerSchraderTest@7cd62f43]" name="horizontalSliderTest" duration-ms="629" started-at="2019-12-07T12:28:28Z" finished-at="2019-12-07T12:28:29Z">
          <reporter-output>
          </reporter-output>
        </test-method> <!-- horizontalSliderTest -->
        <test-method status="PASS" signature="tearDown(org.testng.ITestResult)[pri:0, instance:com.sinnerSchrader.qa.testCases.SinnerSchraderTest@7cd62f43]" name="tearDown" is-config="true" duration-ms="1055" started-at="2019-12-07T12:28:29Z" finished-at="2019-12-07T12:28:30Z">
          <params>
            <param index="0">
              <value>
                <![CDATA[[TestResult name=horizontalSliderTest status=SUCCESS method=SinnerSchraderTest.horizontalSliderTest()[pri:2, instance:com.sinnerSchrader.qa.testCases.SinnerSchraderTest@7cd62f43] output={null}]]]>
              </value>
            </param>
          </params>
          <reporter-output>
          </reporter-output>
        </test-method> <!-- tearDown -->
        <test-method status="PASS" signature="setUp()[pri:0, instance:com.sinnerSchrader.qa.testCases.SinnerSchraderTest@7cd62f43]" name="setUp" is-config="true" duration-ms="13303" started-at="2019-12-07T12:28:30Z" finished-at="2019-12-07T12:28:43Z">
          <reporter-output>
          </reporter-output>
        </test-method> <!-- setUp -->
        <test-method status="PASS" signature="UserDetailsTest()[pri:3, instance:com.sinnerSchrader.qa.testCases.SinnerSchraderTest@7cd62f43]" name="UserDetailsTest" duration-ms="1610" started-at="2019-12-07T12:28:43Z" finished-at="2019-12-07T12:28:45Z">
          <reporter-output>
          </reporter-output>
        </test-method> <!-- UserDetailsTest -->
        <test-method status="PASS" signature="tearDown(org.testng.ITestResult)[pri:0, instance:com.sinnerSchrader.qa.testCases.SinnerSchraderTest@7cd62f43]" name="tearDown" is-config="true" duration-ms="1088" started-at="2019-12-07T12:28:45Z" finished-at="2019-12-07T12:28:46Z">
          <params>
            <param index="0">
              <value>
                <![CDATA[[TestResult name=UserDetailsTest status=SUCCESS method=SinnerSchraderTest.UserDetailsTest()[pri:3, instance:com.sinnerSchrader.qa.testCases.SinnerSchraderTest@7cd62f43] output={null}]]]>
              </value>
            </param>
          </params>
          <reporter-output>
          </reporter-output>
        </test-method> <!-- tearDown -->
        <test-method status="PASS" signature="endReport()[pri:0, instance:com.sinnerSchrader.qa.testCases.SinnerSchraderTest@7cd62f43]" name="endReport" is-config="true" duration-ms="337" started-at="2019-12-07T12:28:46Z" finished-at="2019-12-07T12:28:46Z">
          <reporter-output>
          </reporter-output>
        </test-method> <!-- endReport -->
      </class> <!-- com.sinnerSchrader.qa.testCases.SinnerSchraderTest -->
    </test> <!-- Default test -->
  </suite> <!-- Default suite -->
</testng-results>
