<?xml version="1.0" encoding="UTF-8"?>
<!-- Generated by org.testng.reporters.JUnitXMLReporter -->
<testsuite hostname="RajithaR" ignored="0" name="Default test" tests="4" failures="0" timestamp="07 Dec 2019 11:28:46 GMT" time="65.698" errors="0">
  <testcase name="brokenImagesTest" time="0.822" classname="com.sinnerSchrader.qa.testCases.SinnerSchraderTest"/>
  <testcase name="loginTest" time="0.086" classname="com.sinnerSchrader.qa.testCases.SinnerSchraderTest"/>
  <testcase name="horizontalSliderTest" time="0.629" classname="com.sinnerSchrader.qa.testCases.SinnerSchraderTest"/>
  <testcase name="UserDetailsTest" time="1.61" classname="com.sinnerSchrader.qa.testCases.SinnerSchraderTest"/>
</testsuite> <!-- Default test -->
